BEGIN Linear_Prior_Information TABLE
nrow=    630 ncol=6  columnlabels
PriorName Equation PriorInfoValue Statistic StatFlag GroupName
r1     1.0*log10(p2)-1.0*log10(pobs1)   0.0   7.3304   sqrwt   regulhk1
r2     1.0*log10(p3)-1.0*log10(pobs1)   0.0   4.8675   sqrwt   regulhk1
r3     1.0*log10(p3)-1.0*log10(p2)   0.0   6.3319   sqrwt   regulhk1
r4     1.0*log10(p4)-1.0*log10(pobs1)   0.0   3.8907   sqrwt   regulhk1
r5     1.0*log10(p4)-1.0*log10(p2)   0.0   4.4930   sqrwt   regulhk1
r6     1.0*log10(p4)-1.0*log10(p3)   0.0   6.3319   sqrwt   regulhk1
r7     1.0*log10(p5)-1.0*log10(pobs1)   0.0   3.3491   sqrwt   regulhk1
r8     1.0*log10(p5)-1.0*log10(p2)   0.0   3.6901   sqrwt   regulhk1
r9     1.0*log10(p5)-1.0*log10(p3)   0.0   4.4930   sqrwt   regulhk1
r10     1.0*log10(p5)-1.0*log10(p4)   0.0   6.3319   sqrwt   regulhk1
r11     1.0*log10(p6)-1.0*log10(pobs1)   0.0   3.0010   sqrwt   regulhk1
r12     1.0*log10(p6)-1.0*log10(p2)   0.0   3.2225   sqrwt   regulhk1
r13     1.0*log10(p6)-1.0*log10(p3)   0.0   3.6901   sqrwt   regulhk1
r14     1.0*log10(p6)-1.0*log10(p4)   0.0   4.4930   sqrwt   regulhk1
r15     1.0*log10(p6)-1.0*log10(p5)   0.0   6.3319   sqrwt   regulhk1
r16     1.0*log10(p7)-1.0*log10(pobs1)   0.0   5.4067   sqrwt   regulhk1
r17     1.0*log10(p7)-1.0*log10(p2)   0.0   5.3306   sqrwt   regulhk1
r18     1.0*log10(p7)-1.0*log10(p3)   0.0   4.2542   sqrwt   regulhk1
r19     1.0*log10(p7)-1.0*log10(p4)   0.0   3.5985   sqrwt   regulhk1
r20     1.0*log10(p7)-1.0*log10(p5)   0.0   3.1779   sqrwt   regulhk1
r21     1.0*log10(p7)-1.0*log10(p6)   0.0   2.8891   sqrwt   regulhk1
r22     1.0*log10(pobs2)-1.0*log10(pobs1)   0.0   6.1681   sqrwt   regulhk1
r23     1.0*log10(pobs2)-1.0*log10(p2)   0.0   7.3304   sqrwt   regulhk1
r24     1.0*log10(pobs2)-1.0*log10(p3)   0.0   5.1934   sqrwt   regulhk1
r25     1.0*log10(pobs2)-1.0*log10(p4)   0.0   4.0879   sqrwt   regulhk1
r26     1.0*log10(pobs2)-1.0*log10(p5)   0.0   3.4771   sqrwt   regulhk1
r27     1.0*log10(pobs2)-1.0*log10(p6)   0.0   3.0900   sqrwt   regulhk1
r28     1.0*log10(pobs2)-1.0*log10(p7)   0.0   7.3304   sqrwt   regulhk1
r29     1.0*log10(p9)-1.0*log10(pobs1)   0.0   4.3521   sqrwt   regulhk1
r30     1.0*log10(p9)-1.0*log10(p2)   0.0   5.3306   sqrwt   regulhk1
r31     1.0*log10(p9)-1.0*log10(p3)   0.0   6.3319   sqrwt   regulhk1
r32     1.0*log10(p9)-1.0*log10(p4)   0.0   5.3306   sqrwt   regulhk1
r33     1.0*log10(p9)-1.0*log10(p5)   0.0   4.2542   sqrwt   regulhk1
r34     1.0*log10(p9)-1.0*log10(p6)   0.0   3.5985   sqrwt   regulhk1
r35     1.0*log10(p9)-1.0*log10(p7)   0.0   4.4930   sqrwt   regulhk1
r36     1.0*log10(p9)-1.0*log10(pobs2)   0.0   5.4067   sqrwt   regulhk1
r37     1.0*log10(p10)-1.0*log10(pobs1)   0.0   3.7011   sqrwt   regulhk1
r38     1.0*log10(p10)-1.0*log10(p2)   0.0   4.2542   sqrwt   regulhk1
r39     1.0*log10(p10)-1.0*log10(p3)   0.0   5.3306   sqrwt   regulhk1
r40     1.0*log10(p10)-1.0*log10(p4)   0.0   6.3319   sqrwt   regulhk1
r41     1.0*log10(p10)-1.0*log10(p5)   0.0   5.3306   sqrwt   regulhk1
r42     1.0*log10(p10)-1.0*log10(p6)   0.0   4.2542   sqrwt   regulhk1
r43     1.0*log10(p10)-1.0*log10(p7)   0.0   3.6901   sqrwt   regulhk1
r44     1.0*log10(p10)-1.0*log10(pobs2)   0.0   4.1463   sqrwt   regulhk1
r45     1.0*log10(p10)-1.0*log10(p9)   0.0   6.3319   sqrwt   regulhk1
r46     1.0*log10(pobs4)-1.0*log10(pobs1)   0.0   3.4388   sqrwt   regulhk1
r47     1.0*log10(pobs4)-1.0*log10(p2)   0.0   3.8485   sqrwt   regulhk1
r48     1.0*log10(pobs4)-1.0*log10(p3)   0.0   4.7382   sqrwt   regulhk1
r49     1.0*log10(pobs4)-1.0*log10(p4)   0.0   6.5203   sqrwt   regulhk1
r50     1.0*log10(pobs4)-1.0*log10(p5)   0.0   7.3304   sqrwt   regulhk1
r51     1.0*log10(pobs4)-1.0*log10(p6)   0.0   5.1934   sqrwt   regulhk1
r52     1.0*log10(pobs4)-1.0*log10(p7)   0.0   3.3491   sqrwt   regulhk1
r53     1.0*log10(pobs4)-1.0*log10(pobs2)   0.0   3.6901   sqrwt   regulhk1
r54     1.0*log10(pobs4)-1.0*log10(p9)   0.0   4.8675   sqrwt   regulhk1
r55     1.0*log10(pobs4)-1.0*log10(p10)   0.0   7.3304   sqrwt   regulhk1
r56     1.0*log10(p12)-1.0*log10(pobs1)   0.0   2.9524   sqrwt   regulhk1
r57     1.0*log10(p12)-1.0*log10(p2)   0.0   3.1779   sqrwt   regulhk1
r58     1.0*log10(p12)-1.0*log10(p3)   0.0   3.5985   sqrwt   regulhk1
r59     1.0*log10(p12)-1.0*log10(p4)   0.0   4.2542   sqrwt   regulhk1
r60     1.0*log10(p12)-1.0*log10(p5)   0.0   5.3306   sqrwt   regulhk1
r61     1.0*log10(p12)-1.0*log10(p6)   0.0   6.3319   sqrwt   regulhk1
r62     1.0*log10(p12)-1.0*log10(p7)   0.0   2.9140   sqrwt   regulhk1
r63     1.0*log10(p12)-1.0*log10(pobs2)   0.0   3.1023   sqrwt   regulhk1
r64     1.0*log10(p12)-1.0*log10(p9)   0.0   3.6901   sqrwt   regulhk1
r65     1.0*log10(p12)-1.0*log10(p10)   0.0   4.4930   sqrwt   regulhk1
r66     1.0*log10(p12)-1.0*log10(pobs4)   0.0   5.4067   sqrwt   regulhk1
r67     1.0*log10(p13)-1.0*log10(pobs1)   0.0   4.1463   sqrwt   regulhk1
r68     1.0*log10(p13)-1.0*log10(p2)   0.0   4.2542   sqrwt   regulhk1
r69     1.0*log10(p13)-1.0*log10(p3)   0.0   3.7959   sqrwt   regulhk1
r70     1.0*log10(p13)-1.0*log10(p4)   0.0   3.3820   sqrwt   regulhk1
r71     1.0*log10(p13)-1.0*log10(p5)   0.0   3.0624   sqrwt   regulhk1
r72     1.0*log10(p13)-1.0*log10(p6)   0.0   2.8218   sqrwt   regulhk1
r73     1.0*log10(p13)-1.0*log10(p7)   0.0   6.3319   sqrwt   regulhk1
r74     1.0*log10(p13)-1.0*log10(pobs2)   0.0   5.1934   sqrwt   regulhk1
r75     1.0*log10(p13)-1.0*log10(p9)   0.0   4.2542   sqrwt   regulhk1
r76     1.0*log10(p13)-1.0*log10(p10)   0.0   3.5985   sqrwt   regulhk1
r77     1.0*log10(p13)-1.0*log10(pobs4)   0.0   3.2599   sqrwt   regulhk1
r78     1.0*log10(p13)-1.0*log10(p12)   0.0   2.8891   sqrwt   regulhk1
r79     1.0*log10(p14)-1.0*log10(pobs1)   0.0   4.0879   sqrwt   regulhk1
r80     1.0*log10(p14)-1.0*log10(p2)   0.0   4.4930   sqrwt   regulhk1
r81     1.0*log10(p14)-1.0*log10(p3)   0.0   4.2542   sqrwt   regulhk1
r82     1.0*log10(p14)-1.0*log10(p4)   0.0   3.7959   sqrwt   regulhk1
r83     1.0*log10(p14)-1.0*log10(p5)   0.0   3.3820   sqrwt   regulhk1
r84     1.0*log10(p14)-1.0*log10(p6)   0.0   3.0624   sqrwt   regulhk1
r85     1.0*log10(p14)-1.0*log10(p7)   0.0   5.3306   sqrwt   regulhk1
r86     1.0*log10(p14)-1.0*log10(pobs2)   0.0   5.4067   sqrwt   regulhk1
r87     1.0*log10(p14)-1.0*log10(p9)   0.0   5.3306   sqrwt   regulhk1
r88     1.0*log10(p14)-1.0*log10(p10)   0.0   4.2542   sqrwt   regulhk1
r89     1.0*log10(p14)-1.0*log10(pobs4)   0.0   3.7011   sqrwt   regulhk1
r90     1.0*log10(p14)-1.0*log10(p12)   0.0   3.1779   sqrwt   regulhk1
r91     1.0*log10(p14)-1.0*log10(p13)   0.0   6.3319   sqrwt   regulhk1
r92     1.0*log10(p15)-1.0*log10(pobs1)   0.0   3.7710   sqrwt   regulhk1
r93     1.0*log10(p15)-1.0*log10(p2)   0.0   4.2542   sqrwt   regulhk1
r94     1.0*log10(p15)-1.0*log10(p3)   0.0   4.4930   sqrwt   regulhk1
r95     1.0*log10(p15)-1.0*log10(p4)   0.0   4.2542   sqrwt   regulhk1
r96     1.0*log10(p15)-1.0*log10(p5)   0.0   3.7959   sqrwt   regulhk1
r97     1.0*log10(p15)-1.0*log10(p6)   0.0   3.3820   sqrwt   regulhk1
r98     1.0*log10(p15)-1.0*log10(p7)   0.0   4.2542   sqrwt   regulhk1
r99     1.0*log10(p15)-1.0*log10(pobs2)   0.0   4.6249   sqrwt   regulhk1
r100     01.0*log10(p15)-1.0*log10(p9)   0.0   6.3319   sqrwt   regulhk1
r101     11.0*log10(p15)-1.0*log10(p10)   0.0   5.3306   sqrwt   regulhk1
r102     21.0*log10(p15)-1.0*log10(pobs4)   0.0   4.3521   sqrwt   regulhk1
r103     31.0*log10(p15)-1.0*log10(p12)   0.0   3.5985   sqrwt   regulhk1
r104     41.0*log10(p15)-1.0*log10(p13)   0.0   4.4930   sqrwt   regulhk1
r105     51.0*log10(p15)-1.0*log10(p14)   0.0   6.3319   sqrwt   regulhk1
r106     61.0*log10(pobs3)-1.0*log10(pobs1)   0.0   3.4098   sqrwt   regulhk1
r107     71.0*log10(pobs3)-1.0*log10(p2)   0.0   3.7710   sqrwt   regulhk1
r108     81.0*log10(pobs3)-1.0*log10(p3)   0.0   4.0879   sqrwt   regulhk1
r109     91.0*log10(pobs3)-1.0*log10(p4)   0.0   4.1463   sqrwt   regulhk1
r110     01.0*log10(pobs3)-1.0*log10(p5)   0.0   3.8907   sqrwt   regulhk1
r111     11.0*log10(pobs3)-1.0*log10(p6)   0.0   3.5264   sqrwt   regulhk1
r112     21.0*log10(pobs3)-1.0*log10(p7)   0.0   3.7011   sqrwt   regulhk1
r113     31.0*log10(pobs3)-1.0*log10(pobs2)   0.0   3.9509   sqrwt   regulhk1
r114     41.0*log10(pobs3)-1.0*log10(p9)   0.0   5.1934   sqrwt   regulhk1
r115     51.0*log10(pobs3)-1.0*log10(p10)   0.0   5.4067   sqrwt   regulhk1
r116     61.0*log10(pobs3)-1.0*log10(pobs4)   0.0   4.5565   sqrwt   regulhk1
r117     71.0*log10(pobs3)-1.0*log10(p12)   0.0   3.8907   sqrwt   regulhk1
r118     81.0*log10(pobs3)-1.0*log10(p13)   0.0   3.8907   sqrwt   regulhk1
r119     91.0*log10(pobs3)-1.0*log10(p14)   0.0   4.8675   sqrwt   regulhk1
r120     01.0*log10(pobs3)-1.0*log10(p15)   0.0   7.3304   sqrwt   regulhk1
r121     11.0*log10(pobs5)-1.0*log10(pobs1)   0.0   3.2123   sqrwt   regulhk1
r122     21.0*log10(pobs5)-1.0*log10(p2)   0.0   3.5350   sqrwt   regulhk1
r123     31.0*log10(pobs5)-1.0*log10(p3)   0.0   4.1069   sqrwt   regulhk1
r124     41.0*log10(pobs5)-1.0*log10(p4)   0.0   4.9148   sqrwt   regulhk1
r125     51.0*log10(pobs5)-1.0*log10(p5)   0.0   5.4885   sqrwt   regulhk1
r126     61.0*log10(pobs5)-1.0*log10(p6)   0.0   4.9148   sqrwt   regulhk1
r127     71.0*log10(pobs5)-1.0*log10(p7)   0.0   3.2174   sqrwt   regulhk1
r128     81.0*log10(pobs5)-1.0*log10(pobs2)   0.0   3.4771   sqrwt   regulhk1
r129     91.0*log10(pobs5)-1.0*log10(p9)   0.0   4.4629   sqrwt   regulhk1
r130     01.0*log10(pobs5)-1.0*log10(p10)   0.0   6.1681   sqrwt   regulhk1
r131     11.0*log10(pobs5)-1.0*log10(pobs4)   0.0   7.3304   sqrwt   regulhk1
r132     21.0*log10(pobs5)-1.0*log10(p12)   0.0   6.1681   sqrwt   regulhk1
r133     31.0*log10(pobs5)-1.0*log10(p13)   0.0   3.2022   sqrwt   regulhk1
r134     41.0*log10(pobs5)-1.0*log10(p14)   0.0   3.6478   sqrwt   regulhk1
r135     51.0*log10(pobs5)-1.0*log10(p15)   0.0   4.3785   sqrwt   regulhk1
r136     61.0*log10(pobs5)-1.0*log10(pobs3)   0.0   4.9148   sqrwt   regulhk1
r137     71.0*log10(p18)-1.0*log10(pobs1)   0.0   2.8604   sqrwt   regulhk1
r138     81.0*log10(p18)-1.0*log10(p2)   0.0   3.0624   sqrwt   regulhk1
r139     91.0*log10(p18)-1.0*log10(p3)   0.0   3.3820   sqrwt   regulhk1
r140     01.0*log10(p18)-1.0*log10(p4)   0.0   3.7959   sqrwt   regulhk1
r141     11.0*log10(p18)-1.0*log10(p5)   0.0   4.2542   sqrwt   regulhk1
r142     21.0*log10(p18)-1.0*log10(p6)   0.0   4.4930   sqrwt   regulhk1
r143     31.0*log10(p18)-1.0*log10(p7)   0.0   2.8891   sqrwt   regulhk1
r144     41.0*log10(p18)-1.0*log10(pobs2)   0.0   3.0436   sqrwt   regulhk1
r145     51.0*log10(p18)-1.0*log10(p9)   0.0   3.5985   sqrwt   regulhk1
r146     61.0*log10(p18)-1.0*log10(p10)   0.0   4.2542   sqrwt   regulhk1
r147     71.0*log10(p18)-1.0*log10(pobs4)   0.0   4.6249   sqrwt   regulhk1
r148     81.0*log10(p18)-1.0*log10(p12)   0.0   6.3319   sqrwt   regulhk1
r149     91.0*log10(p18)-1.0*log10(p13)   0.0   2.9140   sqrwt   regulhk1
r150     01.0*log10(p18)-1.0*log10(p14)   0.0   3.2225   sqrwt   regulhk1
r151     11.0*log10(p18)-1.0*log10(p15)   0.0   3.6901   sqrwt   regulhk1
r152     21.0*log10(p18)-1.0*log10(pobs3)   0.0   4.1463   sqrwt   regulhk1
r153     31.0*log10(p18)-1.0*log10(pobs5)   0.0   5.7787   sqrwt   regulhk1
r154     41.0*log10(p19)-1.0*log10(pobs1)   0.0   3.5013   sqrwt   regulhk1
r155     51.0*log10(p19)-1.0*log10(p2)   0.0   3.5985   sqrwt   regulhk1
r156     61.0*log10(p19)-1.0*log10(p3)   0.0   3.3820   sqrwt   regulhk1
r157     71.0*log10(p19)-1.0*log10(p4)   0.0   3.1366   sqrwt   regulhk1
r158     81.0*log10(p19)-1.0*log10(p5)   0.0   2.9140   sqrwt   regulhk1
r159     91.0*log10(p19)-1.0*log10(p6)   0.0   2.7287   sqrwt   regulhk1
r160     01.0*log10(p19)-1.0*log10(p7)   0.0   4.4930   sqrwt   regulhk1
r161     11.0*log10(p19)-1.0*log10(pobs2)   0.0   4.0879   sqrwt   regulhk1
r162     21.0*log10(p19)-1.0*log10(p9)   0.0   3.7959   sqrwt   regulhk1
r163     31.0*log10(p19)-1.0*log10(p10)   0.0   3.3820   sqrwt   regulhk1
r164     41.0*log10(p19)-1.0*log10(pobs4)   0.0   3.1023   sqrwt   regulhk1
r165     51.0*log10(p19)-1.0*log10(p12)   0.0   2.8218   sqrwt   regulhk1
r166     61.0*log10(p19)-1.0*log10(p13)   0.0   6.3319   sqrwt   regulhk1
r167     71.0*log10(p19)-1.0*log10(p14)   0.0   5.3306   sqrwt   regulhk1
r168     81.0*log10(p19)-1.0*log10(p15)   0.0   4.2542   sqrwt   regulhk1
r169     91.0*log10(p19)-1.0*log10(pobs3)   0.0   3.8485   sqrwt   regulhk1
r170     01.0*log10(p19)-1.0*log10(pobs5)   0.0   3.1065   sqrwt   regulhk1
r171     11.0*log10(p19)-1.0*log10(p18)   0.0   2.8891   sqrwt   regulhk1
r172     21.0*log10(p20)-1.0*log10(pobs1)   0.0   3.4771   sqrwt   regulhk1
r173     31.0*log10(p20)-1.0*log10(p2)   0.0   3.6901   sqrwt   regulhk1
r174     41.0*log10(p20)-1.0*log10(p3)   0.0   3.5985   sqrwt   regulhk1
r175     51.0*log10(p20)-1.0*log10(p4)   0.0   3.3820   sqrwt   regulhk1
r176     61.0*log10(p20)-1.0*log10(p5)   0.0   3.1366   sqrwt   regulhk1
r177     71.0*log10(p20)-1.0*log10(p6)   0.0   2.9140   sqrwt   regulhk1
r178     81.0*log10(p20)-1.0*log10(p7)   0.0   4.2542   sqrwt   regulhk1
r179     91.0*log10(p20)-1.0*log10(pobs2)   0.0   4.1463   sqrwt   regulhk1
r180     01.0*log10(p20)-1.0*log10(p9)   0.0   4.2542   sqrwt   regulhk1
r181     11.0*log10(p20)-1.0*log10(p10)   0.0   3.7959   sqrwt   regulhk1
r182     21.0*log10(p20)-1.0*log10(pobs4)   0.0   3.4098   sqrwt   regulhk1
r183     31.0*log10(p20)-1.0*log10(p12)   0.0   3.0624   sqrwt   regulhk1
r184     41.0*log10(p20)-1.0*log10(p13)   0.0   5.3306   sqrwt   regulhk1
r185     51.0*log10(p20)-1.0*log10(p14)   0.0   6.3319   sqrwt   regulhk1
r186     61.0*log10(p20)-1.0*log10(p15)   0.0   5.3306   sqrwt   regulhk1
r187     71.0*log10(p20)-1.0*log10(pobs3)   0.0   4.7382   sqrwt   regulhk1
r188     81.0*log10(p20)-1.0*log10(pobs5)   0.0   3.4615   sqrwt   regulhk1
r189     91.0*log10(p20)-1.0*log10(p18)   0.0   3.1779   sqrwt   regulhk1
r190     01.0*log10(p20)-1.0*log10(p19)   0.0   6.3319   sqrwt   regulhk1
r191     11.0*log10(p21)-1.0*log10(pobs1)   0.0   3.3301   sqrwt   regulhk1
r192     21.0*log10(p21)-1.0*log10(p2)   0.0   3.5985   sqrwt   regulhk1
r193     31.0*log10(p21)-1.0*log10(p3)   0.0   3.6901   sqrwt   regulhk1
r194     41.0*log10(p21)-1.0*log10(p4)   0.0   3.5985   sqrwt   regulhk1
r195     51.0*log10(p21)-1.0*log10(p5)   0.0   3.3820   sqrwt   regulhk1
r196     61.0*log10(p21)-1.0*log10(p6)   0.0   3.1366   sqrwt   regulhk1
r197     71.0*log10(p21)-1.0*log10(p7)   0.0   3.7959   sqrwt   regulhk1
r198     81.0*log10(p21)-1.0*log10(pobs2)   0.0   3.8907   sqrwt   regulhk1
r199     91.0*log10(p21)-1.0*log10(p9)   0.0   4.4930   sqrwt   regulhk1
r200     01.0*log10(p21)-1.0*log10(p10)   0.0   4.2542   sqrwt   regulhk1
r201     11.0*log10(p21)-1.0*log10(pobs4)   0.0   3.7710   sqrwt   regulhk1
r202     21.0*log10(p21)-1.0*log10(p12)   0.0   3.3820   sqrwt   regulhk1
r203     31.0*log10(p21)-1.0*log10(p13)   0.0   4.2542   sqrwt   regulhk1
r204     41.0*log10(p21)-1.0*log10(p14)   0.0   5.3306   sqrwt   regulhk1
r205     51.0*log10(p21)-1.0*log10(p15)   0.0   6.3319   sqrwt   regulhk1
r206     61.0*log10(p21)-1.0*log10(pobs3)   0.0   6.5203   sqrwt   regulhk1
r207     71.0*log10(p21)-1.0*log10(pobs5)   0.0   3.9509   sqrwt   regulhk1
r208     81.0*log10(p21)-1.0*log10(p18)   0.0   3.5985   sqrwt   regulhk1
r209     91.0*log10(p21)-1.0*log10(p19)   0.0   4.4930   sqrwt   regulhk1
r210     01.0*log10(p21)-1.0*log10(p20)   0.0   6.3319   sqrwt   regulhk1
r211     11.0*log10(p22)-1.0*log10(pobs1)   0.0   3.1278   sqrwt   regulhk1
r212     21.0*log10(p22)-1.0*log10(p2)   0.0   3.3820   sqrwt   regulhk1
r213     31.0*log10(p22)-1.0*log10(p3)   0.0   3.5985   sqrwt   regulhk1
r214     41.0*log10(p22)-1.0*log10(p4)   0.0   3.6901   sqrwt   regulhk1
r215     51.0*log10(p22)-1.0*log10(p5)   0.0   3.5985   sqrwt   regulhk1
r216     61.0*log10(p22)-1.0*log10(p6)   0.0   3.3820   sqrwt   regulhk1
r217     71.0*log10(p22)-1.0*log10(p7)   0.0   3.3820   sqrwt   regulhk1
r218     81.0*log10(p22)-1.0*log10(pobs2)   0.0   3.5264   sqrwt   regulhk1
r219     91.0*log10(p22)-1.0*log10(p9)   0.0   4.2542   sqrwt   regulhk1
r220     01.0*log10(p22)-1.0*log10(p10)   0.0   4.4930   sqrwt   regulhk1
r221     11.0*log10(p22)-1.0*log10(pobs4)   0.0   4.0879   sqrwt   regulhk1
r222     21.0*log10(p22)-1.0*log10(p12)   0.0   3.7959   sqrwt   regulhk1
r223     31.0*log10(p22)-1.0*log10(p13)   0.0   3.5985   sqrwt   regulhk1
r224     41.0*log10(p22)-1.0*log10(p14)   0.0   4.2542   sqrwt   regulhk1
r225     51.0*log10(p22)-1.0*log10(p15)   0.0   5.3306   sqrwt   regulhk1
r226     61.0*log10(p22)-1.0*log10(pobs3)   0.0   7.3304   sqrwt   regulhk1
r227     71.0*log10(p22)-1.0*log10(pobs5)   0.0   4.5565   sqrwt   regulhk1
r228     81.0*log10(p22)-1.0*log10(p18)   0.0   4.2542   sqrwt   regulhk1
r229     91.0*log10(p22)-1.0*log10(p19)   0.0   3.6901   sqrwt   regulhk1
r230     01.0*log10(p22)-1.0*log10(p20)   0.0   4.4930   sqrwt   regulhk1
r231     11.0*log10(p22)-1.0*log10(p21)   0.0   6.3319   sqrwt   regulhk1
r232     21.0*log10(p23)-1.0*log10(pobs1)   0.0   2.9255   sqrwt   regulhk1
r233     31.0*log10(p23)-1.0*log10(p2)   0.0   3.1366   sqrwt   regulhk1
r234     41.0*log10(p23)-1.0*log10(p3)   0.0   3.3820   sqrwt   regulhk1
r235     51.0*log10(p23)-1.0*log10(p4)   0.0   3.5985   sqrwt   regulhk1
r236     61.0*log10(p23)-1.0*log10(p5)   0.0   3.6901   sqrwt   regulhk1
r237     71.0*log10(p23)-1.0*log10(p6)   0.0   3.5985   sqrwt   regulhk1
r238     81.0*log10(p23)-1.0*log10(p7)   0.0   3.0624   sqrwt   regulhk1
r239     91.0*log10(p23)-1.0*log10(pobs2)   0.0   3.1973   sqrwt   regulhk1
r240     01.0*log10(p23)-1.0*log10(p9)   0.0   3.7959   sqrwt   regulhk1
r241     11.0*log10(p23)-1.0*log10(p10)   0.0   4.2542   sqrwt   regulhk1
r242     21.0*log10(p23)-1.0*log10(pobs4)   0.0   4.1463   sqrwt   regulhk1
r243     31.0*log10(p23)-1.0*log10(p12)   0.0   4.2542   sqrwt   regulhk1
r244     41.0*log10(p23)-1.0*log10(p13)   0.0   3.1779   sqrwt   regulhk1
r245     51.0*log10(p23)-1.0*log10(p14)   0.0   3.5985   sqrwt   regulhk1
r246     61.0*log10(p23)-1.0*log10(p15)   0.0   4.2542   sqrwt   regulhk1
r247     71.0*log10(p23)-1.0*log10(pobs3)   0.0   5.1934   sqrwt   regulhk1
r248     81.0*log10(p23)-1.0*log10(pobs5)   0.0   4.9148   sqrwt   regulhk1
r249     91.0*log10(p23)-1.0*log10(p18)   0.0   5.3306   sqrwt   regulhk1
r250     01.0*log10(p23)-1.0*log10(p19)   0.0   3.2225   sqrwt   regulhk1
r251     11.0*log10(p23)-1.0*log10(p20)   0.0   3.6901   sqrwt   regulhk1
r252     21.0*log10(p23)-1.0*log10(p21)   0.0   4.4930   sqrwt   regulhk1
r253     31.0*log10(p23)-1.0*log10(p22)   0.0   6.3319   sqrwt   regulhk1
r254     41.0*log10(p24)-1.0*log10(pobs1)   0.0   2.7477   sqrwt   regulhk1
r255     51.0*log10(p24)-1.0*log10(p2)   0.0   2.9140   sqrwt   regulhk1
r256     61.0*log10(p24)-1.0*log10(p3)   0.0   3.1366   sqrwt   regulhk1
r257     71.0*log10(p24)-1.0*log10(p4)   0.0   3.3820   sqrwt   regulhk1
r258     81.0*log10(p24)-1.0*log10(p5)   0.0   3.5985   sqrwt   regulhk1
r259     91.0*log10(p24)-1.0*log10(p6)   0.0   3.6901   sqrwt   regulhk1
r260     01.0*log10(p24)-1.0*log10(p7)   0.0   2.8218   sqrwt   regulhk1
r261     11.0*log10(p24)-1.0*log10(pobs2)   0.0   2.9343   sqrwt   regulhk1
r262     21.0*log10(p24)-1.0*log10(p9)   0.0   3.3820   sqrwt   regulhk1
r263     31.0*log10(p24)-1.0*log10(p10)   0.0   3.7959   sqrwt   regulhk1
r264     41.0*log10(p24)-1.0*log10(pobs4)   0.0   3.8907   sqrwt   regulhk1
r265     51.0*log10(p24)-1.0*log10(p12)   0.0   4.4930   sqrwt   regulhk1
r266     61.0*log10(p24)-1.0*log10(p13)   0.0   2.8891   sqrwt   regulhk1
r267     71.0*log10(p24)-1.0*log10(p14)   0.0   3.1779   sqrwt   regulhk1
r268     81.0*log10(p24)-1.0*log10(p15)   0.0   3.5985   sqrwt   regulhk1
r269     91.0*log10(p24)-1.0*log10(pobs3)   0.0   4.0879   sqrwt   regulhk1
r270     01.0*log10(p24)-1.0*log10(pobs5)   0.0   4.5565   sqrwt   regulhk1
r271     11.0*log10(p24)-1.0*log10(p18)   0.0   6.3319   sqrwt   regulhk1
r272     21.0*log10(p24)-1.0*log10(p19)   0.0   2.9140   sqrwt   regulhk1
r273     31.0*log10(p24)-1.0*log10(p20)   0.0   3.2225   sqrwt   regulhk1
r274     41.0*log10(p24)-1.0*log10(p21)   0.0   3.6901   sqrwt   regulhk1
r275     51.0*log10(p24)-1.0*log10(p22)   0.0   4.4930   sqrwt   regulhk1
r276     61.0*log10(p24)-1.0*log10(p23)   0.0   6.3319   sqrwt   regulhk1
r277     71.0*log10(p25)-1.0*log10(pobs1)   0.0   3.1023   sqrwt   regulhk1
r278     81.0*log10(p25)-1.0*log10(p2)   0.0   3.1779   sqrwt   regulhk1
r279     91.0*log10(p25)-1.0*log10(p3)   0.0   3.0624   sqrwt   regulhk1
r280     01.0*log10(p25)-1.0*log10(p4)   0.0   2.9140   sqrwt   regulhk1
r281     11.0*log10(p25)-1.0*log10(p5)   0.0   2.7635   sqrwt   regulhk1
r282     21.0*log10(p25)-1.0*log10(p6)   0.0   2.6272   sqrwt   regulhk1
r283     31.0*log10(p25)-1.0*log10(p7)   0.0   3.6901   sqrwt   regulhk1
r284     41.0*log10(p25)-1.0*log10(pobs2)   0.0   3.4771   sqrwt   regulhk1
r285     51.0*log10(p25)-1.0*log10(p9)   0.0   3.3820   sqrwt   regulhk1
r286     61.0*log10(p25)-1.0*log10(p10)   0.0   3.1366   sqrwt   regulhk1
r287     71.0*log10(p25)-1.0*log10(pobs4)   0.0   2.9255   sqrwt   regulhk1
r288     81.0*log10(p25)-1.0*log10(p12)   0.0   2.7287   sqrwt   regulhk1
r289     91.0*log10(p25)-1.0*log10(p13)   0.0   4.4930   sqrwt   regulhk1
r290     01.0*log10(p25)-1.0*log10(p14)   0.0   4.2542   sqrwt   regulhk1
r291     11.0*log10(p25)-1.0*log10(p15)   0.0   3.7959   sqrwt   regulhk1
r292     21.0*log10(p25)-1.0*log10(pobs3)   0.0   3.6080   sqrwt   regulhk1
r293     31.0*log10(p25)-1.0*log10(pobs5)   0.0   2.9649   sqrwt   regulhk1
r294     41.0*log10(p25)-1.0*log10(p18)   0.0   2.8218   sqrwt   regulhk1
r295     51.0*log10(p25)-1.0*log10(p19)   0.0   6.3319   sqrwt   regulhk1
r296     61.0*log10(p25)-1.0*log10(p20)   0.0   5.3306   sqrwt   regulhk1
r297     71.0*log10(p25)-1.0*log10(p21)   0.0   4.2542   sqrwt   regulhk1
r298     81.0*log10(p25)-1.0*log10(p22)   0.0   3.5985   sqrwt   regulhk1
r299     91.0*log10(p25)-1.0*log10(p23)   0.0   3.1779   sqrwt   regulhk1
r300     01.0*log10(p25)-1.0*log10(p24)   0.0   2.8891   sqrwt   regulhk1
r301     11.0*log10(p26)-1.0*log10(pobs1)   0.0   3.0900   sqrwt   regulhk1
r302     21.0*log10(p26)-1.0*log10(p2)   0.0   3.2225   sqrwt   regulhk1
r303     31.0*log10(p26)-1.0*log10(p3)   0.0   3.1779   sqrwt   regulhk1
r304     41.0*log10(p26)-1.0*log10(p4)   0.0   3.0624   sqrwt   regulhk1
r305     51.0*log10(p26)-1.0*log10(p5)   0.0   2.9140   sqrwt   regulhk1
r306     61.0*log10(p26)-1.0*log10(p6)   0.0   2.7635   sqrwt   regulhk1
r307     71.0*log10(p26)-1.0*log10(p7)   0.0   3.5985   sqrwt   regulhk1
r308     81.0*log10(p26)-1.0*log10(pobs2)   0.0   3.5013   sqrwt   regulhk1
r309     91.0*log10(p26)-1.0*log10(p9)   0.0   3.5985   sqrwt   regulhk1
r310     01.0*log10(p26)-1.0*log10(p10)   0.0   3.3820   sqrwt   regulhk1
r311     11.0*log10(p26)-1.0*log10(pobs4)   0.0   3.1278   sqrwt   regulhk1
r312     21.0*log10(p26)-1.0*log10(p12)   0.0   2.9140   sqrwt   regulhk1
r313     31.0*log10(p26)-1.0*log10(p13)   0.0   4.2542   sqrwt   regulhk1
r314     41.0*log10(p26)-1.0*log10(p14)   0.0   4.4930   sqrwt   regulhk1
r315     51.0*log10(p26)-1.0*log10(p15)   0.0   4.2542   sqrwt   regulhk1
r316     61.0*log10(p26)-1.0*log10(pobs3)   0.0   4.1463   sqrwt   regulhk1
r317     71.0*log10(p26)-1.0*log10(pobs5)   0.0   3.2174   sqrwt   regulhk1
r318     81.0*log10(p26)-1.0*log10(p18)   0.0   3.0624   sqrwt   regulhk1
r319     91.0*log10(p26)-1.0*log10(p19)   0.0   5.3306   sqrwt   regulhk1
r320     01.0*log10(p26)-1.0*log10(p20)   0.0   6.3319   sqrwt   regulhk1
r321     11.0*log10(p26)-1.0*log10(p21)   0.0   5.3306   sqrwt   regulhk1
r322     21.0*log10(p26)-1.0*log10(p22)   0.0   4.2542   sqrwt   regulhk1
r323     31.0*log10(p26)-1.0*log10(p23)   0.0   3.5985   sqrwt   regulhk1
r324     41.0*log10(p26)-1.0*log10(p24)   0.0   3.1779   sqrwt   regulhk1
r325     51.0*log10(p26)-1.0*log10(p25)   0.0   6.3319   sqrwt   regulhk1
r326     61.0*log10(p27)-1.0*log10(pobs1)   0.0   3.0113   sqrwt   regulhk1
r327     71.0*log10(p27)-1.0*log10(p2)   0.0   3.1779   sqrwt   regulhk1
r328     81.0*log10(p27)-1.0*log10(p3)   0.0   3.2225   sqrwt   regulhk1
r329     91.0*log10(p27)-1.0*log10(p4)   0.0   3.1779   sqrwt   regulhk1
r330     01.0*log10(p27)-1.0*log10(p5)   0.0   3.0624   sqrwt   regulhk1
r331     11.0*log10(p27)-1.0*log10(p6)   0.0   2.9140   sqrwt   regulhk1
r332     21.0*log10(p27)-1.0*log10(p7)   0.0   3.3820   sqrwt   regulhk1
r333     31.0*log10(p27)-1.0*log10(pobs2)   0.0   3.3889   sqrwt   regulhk1
r334     41.0*log10(p27)-1.0*log10(p9)   0.0   3.6901   sqrwt   regulhk1
r335     51.0*log10(p27)-1.0*log10(p10)   0.0   3.5985   sqrwt   regulhk1
r336     61.0*log10(p27)-1.0*log10(pobs4)   0.0   3.3301   sqrwt   regulhk1
r337     71.0*log10(p27)-1.0*log10(p12)   0.0   3.1366   sqrwt   regulhk1
r338     81.0*log10(p27)-1.0*log10(p13)   0.0   3.7959   sqrwt   regulhk1
r339     91.0*log10(p27)-1.0*log10(p14)   0.0   4.2542   sqrwt   regulhk1
r340     01.0*log10(p27)-1.0*log10(p15)   0.0   4.4930   sqrwt   regulhk1
r341     11.0*log10(p27)-1.0*log10(pobs3)   0.0   4.7382   sqrwt   regulhk1
r342     21.0*log10(p27)-1.0*log10(pobs5)   0.0   3.5095   sqrwt   regulhk1
r343     31.0*log10(p27)-1.0*log10(p18)   0.0   3.3820   sqrwt   regulhk1
r344     41.0*log10(p27)-1.0*log10(p19)   0.0   4.2542   sqrwt   regulhk1
r345     51.0*log10(p27)-1.0*log10(p20)   0.0   5.3306   sqrwt   regulhk1
r346     61.0*log10(p27)-1.0*log10(p21)   0.0   6.3319   sqrwt   regulhk1
r347     71.0*log10(p27)-1.0*log10(p22)   0.0   5.3306   sqrwt   regulhk1
r348     81.0*log10(p27)-1.0*log10(p23)   0.0   4.2542   sqrwt   regulhk1
r349     91.0*log10(p27)-1.0*log10(p24)   0.0   3.5985   sqrwt   regulhk1
r350     01.0*log10(p27)-1.0*log10(p25)   0.0   4.4930   sqrwt   regulhk1
r351     11.0*log10(p27)-1.0*log10(p26)   0.0   6.3319   sqrwt   regulhk1
r352     21.0*log10(p28)-1.0*log10(pobs1)   0.0   2.8918   sqrwt   regulhk1
r353     31.0*log10(p28)-1.0*log10(p2)   0.0   3.0624   sqrwt   regulhk1
r354     41.0*log10(p28)-1.0*log10(p3)   0.0   3.1779   sqrwt   regulhk1
r355     51.0*log10(p28)-1.0*log10(p4)   0.0   3.2225   sqrwt   regulhk1
r356     61.0*log10(p28)-1.0*log10(p5)   0.0   3.1779   sqrwt   regulhk1
r357     71.0*log10(p28)-1.0*log10(p6)   0.0   3.0624   sqrwt   regulhk1
r358     81.0*log10(p28)-1.0*log10(p7)   0.0   3.1366   sqrwt   regulhk1
r359     91.0*log10(p28)-1.0*log10(pobs2)   0.0   3.1973   sqrwt   regulhk1
r360     01.0*log10(p28)-1.0*log10(p9)   0.0   3.5985   sqrwt   regulhk1
r361     11.0*log10(p28)-1.0*log10(p10)   0.0   3.6901   sqrwt   regulhk1
r362     21.0*log10(p28)-1.0*log10(pobs4)   0.0   3.4771   sqrwt   regulhk1
r363     31.0*log10(p28)-1.0*log10(p12)   0.0   3.3820   sqrwt   regulhk1
r364     41.0*log10(p28)-1.0*log10(p13)   0.0   3.3820   sqrwt   regulhk1
r365     51.0*log10(p28)-1.0*log10(p14)   0.0   3.7959   sqrwt   regulhk1
r366     61.0*log10(p28)-1.0*log10(p15)   0.0   4.2542   sqrwt   regulhk1
r367     71.0*log10(p28)-1.0*log10(pobs3)   0.0   4.8675   sqrwt   regulhk1
r368     81.0*log10(p28)-1.0*log10(pobs5)   0.0   3.7833   sqrwt   regulhk1
r369     91.0*log10(p28)-1.0*log10(p18)   0.0   3.7959   sqrwt   regulhk1
r370     01.0*log10(p28)-1.0*log10(p19)   0.0   3.5985   sqrwt   regulhk1
r371     11.0*log10(p28)-1.0*log10(p20)   0.0   4.2542   sqrwt   regulhk1
r372     21.0*log10(p28)-1.0*log10(p21)   0.0   5.3306   sqrwt   regulhk1
r373     31.0*log10(p28)-1.0*log10(p22)   0.0   6.3319   sqrwt   regulhk1
r374     41.0*log10(p28)-1.0*log10(p23)   0.0   5.3306   sqrwt   regulhk1
r375     51.0*log10(p28)-1.0*log10(p24)   0.0   4.2542   sqrwt   regulhk1
r376     61.0*log10(p28)-1.0*log10(p25)   0.0   3.6901   sqrwt   regulhk1
r377     71.0*log10(p28)-1.0*log10(p26)   0.0   4.4930   sqrwt   regulhk1
r378     81.0*log10(p28)-1.0*log10(p27)   0.0   6.3319   sqrwt   regulhk1
r379     91.0*log10(p29)-1.0*log10(pobs1)   0.0   2.7595   sqrwt   regulhk1
r380     01.0*log10(p29)-1.0*log10(p2)   0.0   2.9140   sqrwt   regulhk1
r381     11.0*log10(p29)-1.0*log10(p3)   0.0   3.0624   sqrwt   regulhk1
r382     21.0*log10(p29)-1.0*log10(p4)   0.0   3.1779   sqrwt   regulhk1
r383     31.0*log10(p29)-1.0*log10(p5)   0.0   3.2225   sqrwt   regulhk1
r384     41.0*log10(p29)-1.0*log10(p6)   0.0   3.1779   sqrwt   regulhk1
r385     51.0*log10(p29)-1.0*log10(p7)   0.0   2.9140   sqrwt   regulhk1
r386     61.0*log10(p29)-1.0*log10(pobs2)   0.0   2.9909   sqrwt   regulhk1
r387     71.0*log10(p29)-1.0*log10(p9)   0.0   3.3820   sqrwt   regulhk1
r388     81.0*log10(p29)-1.0*log10(p10)   0.0   3.5985   sqrwt   regulhk1
r389     91.0*log10(p29)-1.0*log10(pobs4)   0.0   3.5013   sqrwt   regulhk1
r390     01.0*log10(p29)-1.0*log10(p12)   0.0   3.5985   sqrwt   regulhk1
r391     11.0*log10(p29)-1.0*log10(p13)   0.0   3.0624   sqrwt   regulhk1
r392     21.0*log10(p29)-1.0*log10(p14)   0.0   3.3820   sqrwt   regulhk1
r393     31.0*log10(p29)-1.0*log10(p15)   0.0   3.7959   sqrwt   regulhk1
r394     41.0*log10(p29)-1.0*log10(pobs3)   0.0   4.3521   sqrwt   regulhk1
r395     51.0*log10(p29)-1.0*log10(pobs5)   0.0   3.9053   sqrwt   regulhk1
r396     61.0*log10(p29)-1.0*log10(p18)   0.0   4.2542   sqrwt   regulhk1
r397     71.0*log10(p29)-1.0*log10(p19)   0.0   3.1779   sqrwt   regulhk1
r398     81.0*log10(p29)-1.0*log10(p20)   0.0   3.5985   sqrwt   regulhk1
r399     91.0*log10(p29)-1.0*log10(p21)   0.0   4.2542   sqrwt   regulhk1
r400     01.0*log10(p29)-1.0*log10(p22)   0.0   5.3306   sqrwt   regulhk1
r401     11.0*log10(p29)-1.0*log10(p23)   0.0   6.3319   sqrwt   regulhk1
r402     21.0*log10(p29)-1.0*log10(p24)   0.0   5.3306   sqrwt   regulhk1
r403     31.0*log10(p29)-1.0*log10(p25)   0.0   3.2225   sqrwt   regulhk1
r404     41.0*log10(p29)-1.0*log10(p26)   0.0   3.6901   sqrwt   regulhk1
r405     51.0*log10(p29)-1.0*log10(p27)   0.0   4.4930   sqrwt   regulhk1
r406     61.0*log10(p29)-1.0*log10(p28)   0.0   6.3319   sqrwt   regulhk1
r407     71.0*log10(p30)-1.0*log10(pobs1)   0.0   2.6328   sqrwt   regulhk1
r408     81.0*log10(p30)-1.0*log10(p2)   0.0   2.7635   sqrwt   regulhk1
r409     91.0*log10(p30)-1.0*log10(p3)   0.0   2.9140   sqrwt   regulhk1
r410     01.0*log10(p30)-1.0*log10(p4)   0.0   3.0624   sqrwt   regulhk1
r411     11.0*log10(p30)-1.0*log10(p5)   0.0   3.1779   sqrwt   regulhk1
r412     21.0*log10(p30)-1.0*log10(p6)   0.0   3.2225   sqrwt   regulhk1
r413     31.0*log10(p30)-1.0*log10(p7)   0.0   2.7287   sqrwt   regulhk1
r414     41.0*log10(p30)-1.0*log10(pobs2)   0.0   2.8036   sqrwt   regulhk1
r415     51.0*log10(p30)-1.0*log10(p9)   0.0   3.1366   sqrwt   regulhk1
r416     61.0*log10(p30)-1.0*log10(p10)   0.0   3.3820   sqrwt   regulhk1
r417     71.0*log10(p30)-1.0*log10(pobs4)   0.0   3.3889   sqrwt   regulhk1
r418     81.0*log10(p30)-1.0*log10(p12)   0.0   3.6901   sqrwt   regulhk1
r419     91.0*log10(p30)-1.0*log10(p13)   0.0   2.8218   sqrwt   regulhk1
r420     01.0*log10(p30)-1.0*log10(p14)   0.0   3.0624   sqrwt   regulhk1
r421     11.0*log10(p30)-1.0*log10(p15)   0.0   3.3820   sqrwt   regulhk1
r422     21.0*log10(p30)-1.0*log10(pobs3)   0.0   3.7710   sqrwt   regulhk1
r423     31.0*log10(p30)-1.0*log10(pobs5)   0.0   3.7833   sqrwt   regulhk1
r424     41.0*log10(p30)-1.0*log10(p18)   0.0   4.4930   sqrwt   regulhk1
r425     51.0*log10(p30)-1.0*log10(p19)   0.0   2.8891   sqrwt   regulhk1
r426     61.0*log10(p30)-1.0*log10(p20)   0.0   3.1779   sqrwt   regulhk1
r427     71.0*log10(p30)-1.0*log10(p21)   0.0   3.5985   sqrwt   regulhk1
r428     81.0*log10(p30)-1.0*log10(p22)   0.0   4.2542   sqrwt   regulhk1
r429     91.0*log10(p30)-1.0*log10(p23)   0.0   5.3306   sqrwt   regulhk1
r430     01.0*log10(p30)-1.0*log10(p24)   0.0   6.3319   sqrwt   regulhk1
r431     11.0*log10(p30)-1.0*log10(p25)   0.0   2.9140   sqrwt   regulhk1
r432     21.0*log10(p30)-1.0*log10(p26)   0.0   3.2225   sqrwt   regulhk1
r433     31.0*log10(p30)-1.0*log10(p27)   0.0   3.6901   sqrwt   regulhk1
r434     41.0*log10(p30)-1.0*log10(p28)   0.0   4.4930   sqrwt   regulhk1
r435     51.0*log10(p30)-1.0*log10(p29)   0.0   6.3319   sqrwt   regulhk1
r436     61.0*log10(p31)-1.0*log10(pobs1)   0.0   2.8311   sqrwt   regulhk1
r437     71.0*log10(p31)-1.0*log10(p2)   0.0   2.8891   sqrwt   regulhk1
r438     81.0*log10(p31)-1.0*log10(p3)   0.0   2.8218   sqrwt   regulhk1
r439     91.0*log10(p31)-1.0*log10(p4)   0.0   2.7287   sqrwt   regulhk1
r440     01.0*log10(p31)-1.0*log10(p5)   0.0   2.6272   sqrwt   regulhk1
r441     11.0*log10(p31)-1.0*log10(p6)   0.0   2.5293   sqrwt   regulhk1
r442     21.0*log10(p31)-1.0*log10(p7)   0.0   3.2225   sqrwt   regulhk1
r443     31.0*log10(p31)-1.0*log10(pobs2)   0.0   3.0900   sqrwt   regulhk1
r444     41.0*log10(p31)-1.0*log10(p9)   0.0   3.0624   sqrwt   regulhk1
r445     51.0*log10(p31)-1.0*log10(p10)   0.0   2.9140   sqrwt   regulhk1
r446     61.0*log10(p31)-1.0*log10(pobs4)   0.0   2.7595   sqrwt   regulhk1
r447     71.0*log10(p31)-1.0*log10(p12)   0.0   2.6272   sqrwt   regulhk1
r448     81.0*log10(p31)-1.0*log10(p13)   0.0   3.6901   sqrwt   regulhk1
r449     91.0*log10(p31)-1.0*log10(p14)   0.0   3.5985   sqrwt   regulhk1
r450     01.0*log10(p31)-1.0*log10(p15)   0.0   3.3820   sqrwt   regulhk1
r451     11.0*log10(p31)-1.0*log10(pobs3)   0.0   3.3117   sqrwt   regulhk1
r452     21.0*log10(p31)-1.0*log10(pobs5)   0.0   2.8126   sqrwt   regulhk1
r453     31.0*log10(p31)-1.0*log10(p18)   0.0   2.7287   sqrwt   regulhk1
r454     41.0*log10(p31)-1.0*log10(p19)   0.0   4.4930   sqrwt   regulhk1
r455     51.0*log10(p31)-1.0*log10(p20)   0.0   4.2542   sqrwt   regulhk1
r456     61.0*log10(p31)-1.0*log10(p21)   0.0   3.7959   sqrwt   regulhk1
r457     71.0*log10(p31)-1.0*log10(p22)   0.0   3.3820   sqrwt   regulhk1
r458     81.0*log10(p31)-1.0*log10(p23)   0.0   3.0624   sqrwt   regulhk1
r459     91.0*log10(p31)-1.0*log10(p24)   0.0   2.8218   sqrwt   regulhk1
r460     01.0*log10(p31)-1.0*log10(p25)   0.0   6.3319   sqrwt   regulhk1
r461     11.0*log10(p31)-1.0*log10(p26)   0.0   5.3306   sqrwt   regulhk1
r462     21.0*log10(p31)-1.0*log10(p27)   0.0   4.2542   sqrwt   regulhk1
r463     31.0*log10(p31)-1.0*log10(p28)   0.0   3.5985   sqrwt   regulhk1
r464     41.0*log10(p31)-1.0*log10(p29)   0.0   3.1779   sqrwt   regulhk1
r465     51.0*log10(p31)-1.0*log10(p30)   0.0   2.8891   sqrwt   regulhk1
r466     61.0*log10(p32)-1.0*log10(pobs1)   0.0   2.8241   sqrwt   regulhk1
r467     71.0*log10(p32)-1.0*log10(p2)   0.0   2.9140   sqrwt   regulhk1
r468     81.0*log10(p32)-1.0*log10(p3)   0.0   2.8891   sqrwt   regulhk1
r469     91.0*log10(p32)-1.0*log10(p4)   0.0   2.8218   sqrwt   regulhk1
r470     01.0*log10(p32)-1.0*log10(p5)   0.0   2.7287   sqrwt   regulhk1
r471     11.0*log10(p32)-1.0*log10(p6)   0.0   2.6272   sqrwt   regulhk1
r472     21.0*log10(p32)-1.0*log10(p7)   0.0   3.1779   sqrwt   regulhk1
r473     31.0*log10(p32)-1.0*log10(pobs2)   0.0   3.1023   sqrwt   regulhk1
r474     41.0*log10(p32)-1.0*log10(p9)   0.0   3.1779   sqrwt   regulhk1
r475     51.0*log10(p32)-1.0*log10(p10)   0.0   3.0624   sqrwt   regulhk1
r476     61.0*log10(p32)-1.0*log10(pobs4)   0.0   2.8918   sqrwt   regulhk1
r477     71.0*log10(p32)-1.0*log10(p12)   0.0   2.7635   sqrwt   regulhk1
r478     81.0*log10(p32)-1.0*log10(p13)   0.0   3.5985   sqrwt   regulhk1
r479     91.0*log10(p32)-1.0*log10(p14)   0.0   3.6901   sqrwt   regulhk1
r480     01.0*log10(p32)-1.0*log10(p15)   0.0   3.5985   sqrwt   regulhk1
r481     11.0*log10(p32)-1.0*log10(pobs3)   0.0   3.6080   sqrwt   regulhk1
r482     21.0*log10(p32)-1.0*log10(pobs5)   0.0   2.9843   sqrwt   regulhk1
r483     31.0*log10(p32)-1.0*log10(p18)   0.0   2.9140   sqrwt   regulhk1
r484     41.0*log10(p32)-1.0*log10(p19)   0.0   4.2542   sqrwt   regulhk1
r485     51.0*log10(p32)-1.0*log10(p20)   0.0   4.4930   sqrwt   regulhk1
r486     61.0*log10(p32)-1.0*log10(p21)   0.0   4.2542   sqrwt   regulhk1
r487     71.0*log10(p32)-1.0*log10(p22)   0.0   3.7959   sqrwt   regulhk1
r488     81.0*log10(p32)-1.0*log10(p23)   0.0   3.3820   sqrwt   regulhk1
r489     91.0*log10(p32)-1.0*log10(p24)   0.0   3.0624   sqrwt   regulhk1
r490     01.0*log10(p32)-1.0*log10(p25)   0.0   5.3306   sqrwt   regulhk1
r491     11.0*log10(p32)-1.0*log10(p26)   0.0   6.3319   sqrwt   regulhk1
r492     21.0*log10(p32)-1.0*log10(p27)   0.0   5.3306   sqrwt   regulhk1
r493     31.0*log10(p32)-1.0*log10(p28)   0.0   4.2542   sqrwt   regulhk1
r494     41.0*log10(p32)-1.0*log10(p29)   0.0   3.5985   sqrwt   regulhk1
r495     51.0*log10(p32)-1.0*log10(p30)   0.0   3.1779   sqrwt   regulhk1
r496     61.0*log10(p32)-1.0*log10(p31)   0.0   6.3319   sqrwt   regulhk1
r497     71.0*log10(p33)-1.0*log10(pobs1)   0.0   2.7778   sqrwt   regulhk1
r498     81.0*log10(p33)-1.0*log10(p2)   0.0   2.8891   sqrwt   regulhk1
r499     91.0*log10(p33)-1.0*log10(p3)   0.0   2.9140   sqrwt   regulhk1
r500     01.0*log10(p33)-1.0*log10(p4)   0.0   2.8891   sqrwt   regulhk1
r501     11.0*log10(p33)-1.0*log10(p5)   0.0   2.8218   sqrwt   regulhk1
r502     21.0*log10(p33)-1.0*log10(p6)   0.0   2.7287   sqrwt   regulhk1
r503     31.0*log10(p33)-1.0*log10(p7)   0.0   3.0624   sqrwt   regulhk1
r504     41.0*log10(p33)-1.0*log10(pobs2)   0.0   3.0436   sqrwt   regulhk1
r505     51.0*log10(p33)-1.0*log10(p9)   0.0   3.2225   sqrwt   regulhk1
r506     61.0*log10(p33)-1.0*log10(p10)   0.0   3.1779   sqrwt   regulhk1
r507     71.0*log10(p33)-1.0*log10(pobs4)   0.0   3.0113   sqrwt   regulhk1
r508     81.0*log10(p33)-1.0*log10(p12)   0.0   2.9140   sqrwt   regulhk1
r509     91.0*log10(p33)-1.0*log10(p13)   0.0   3.3820   sqrwt   regulhk1
r510     01.0*log10(p33)-1.0*log10(p14)   0.0   3.5985   sqrwt   regulhk1
r511     11.0*log10(p33)-1.0*log10(p15)   0.0   3.6901   sqrwt   regulhk1
r512     21.0*log10(p33)-1.0*log10(pobs3)   0.0   3.8485   sqrwt   regulhk1
r513     31.0*log10(p33)-1.0*log10(pobs5)   0.0   3.1591   sqrwt   regulhk1
r514     41.0*log10(p33)-1.0*log10(p18)   0.0   3.1366   sqrwt   regulhk1
r515     51.0*log10(p33)-1.0*log10(p19)   0.0   3.7959   sqrwt   regulhk1
r516     61.0*log10(p33)-1.0*log10(p20)   0.0   4.2542   sqrwt   regulhk1
r517     71.0*log10(p33)-1.0*log10(p21)   0.0   4.4930   sqrwt   regulhk1
r518     81.0*log10(p33)-1.0*log10(p22)   0.0   4.2542   sqrwt   regulhk1
r519     91.0*log10(p33)-1.0*log10(p23)   0.0   3.7959   sqrwt   regulhk1
r520     01.0*log10(p33)-1.0*log10(p24)   0.0   3.3820   sqrwt   regulhk1
r521     11.0*log10(p33)-1.0*log10(p25)   0.0   4.2542   sqrwt   regulhk1
r522     21.0*log10(p33)-1.0*log10(p26)   0.0   5.3306   sqrwt   regulhk1
r523     31.0*log10(p33)-1.0*log10(p27)   0.0   6.3319   sqrwt   regulhk1
r524     41.0*log10(p33)-1.0*log10(p28)   0.0   5.3306   sqrwt   regulhk1
r525     51.0*log10(p33)-1.0*log10(p29)   0.0   4.2542   sqrwt   regulhk1
r526     61.0*log10(p33)-1.0*log10(p30)   0.0   3.5985   sqrwt   regulhk1
r527     71.0*log10(p33)-1.0*log10(p31)   0.0   4.4930   sqrwt   regulhk1
r528     81.0*log10(p33)-1.0*log10(p32)   0.0   6.3319   sqrwt   regulhk1
r529     91.0*log10(p34)-1.0*log10(pobs1)   0.0   2.7037   sqrwt   regulhk1
r530     01.0*log10(p34)-1.0*log10(p2)   0.0   2.8218   sqrwt   regulhk1
r531     11.0*log10(p34)-1.0*log10(p3)   0.0   2.8891   sqrwt   regulhk1
r532     21.0*log10(p34)-1.0*log10(p4)   0.0   2.9140   sqrwt   regulhk1
r533     31.0*log10(p34)-1.0*log10(p5)   0.0   2.8891   sqrwt   regulhk1
r534     41.0*log10(p34)-1.0*log10(p6)   0.0   2.8218   sqrwt   regulhk1
r535     51.0*log10(p34)-1.0*log10(p7)   0.0   2.9140   sqrwt   regulhk1
r536     61.0*log10(p34)-1.0*log10(pobs2)   0.0   2.9343   sqrwt   regulhk1
r537     71.0*log10(p34)-1.0*log10(p9)   0.0   3.1779   sqrwt   regulhk1
r538     81.0*log10(p34)-1.0*log10(p10)   0.0   3.2225   sqrwt   regulhk1
r539     91.0*log10(p34)-1.0*log10(pobs4)   0.0   3.0900   sqrwt   regulhk1
r540     01.0*log10(p34)-1.0*log10(p12)   0.0   3.0624   sqrwt   regulhk1
r541     11.0*log10(p34)-1.0*log10(p13)   0.0   3.1366   sqrwt   regulhk1
r542     21.0*log10(p34)-1.0*log10(p14)   0.0   3.3820   sqrwt   regulhk1
r543     31.0*log10(p34)-1.0*log10(p15)   0.0   3.5985   sqrwt   regulhk1
r544     41.0*log10(p34)-1.0*log10(pobs3)   0.0   3.8907   sqrwt   regulhk1
r545     51.0*log10(p34)-1.0*log10(pobs5)   0.0   3.2998   sqrwt   regulhk1
r546     61.0*log10(p34)-1.0*log10(p18)   0.0   3.3820   sqrwt   regulhk1
r547     71.0*log10(p34)-1.0*log10(p19)   0.0   3.3820   sqrwt   regulhk1
r548     81.0*log10(p34)-1.0*log10(p20)   0.0   3.7959   sqrwt   regulhk1
r549     91.0*log10(p34)-1.0*log10(p21)   0.0   4.2542   sqrwt   regulhk1
r550     01.0*log10(p34)-1.0*log10(p22)   0.0   4.4930   sqrwt   regulhk1
r551     11.0*log10(p34)-1.0*log10(p23)   0.0   4.2542   sqrwt   regulhk1
r552     21.0*log10(p34)-1.0*log10(p24)   0.0   3.7959   sqrwt   regulhk1
r553     31.0*log10(p34)-1.0*log10(p25)   0.0   3.5985   sqrwt   regulhk1
r554     41.0*log10(p34)-1.0*log10(p26)   0.0   4.2542   sqrwt   regulhk1
r555     51.0*log10(p34)-1.0*log10(p27)   0.0   5.3306   sqrwt   regulhk1
r556     61.0*log10(p34)-1.0*log10(p28)   0.0   6.3319   sqrwt   regulhk1
r557     71.0*log10(p34)-1.0*log10(p29)   0.0   5.3306   sqrwt   regulhk1
r558     81.0*log10(p34)-1.0*log10(p30)   0.0   4.2542   sqrwt   regulhk1
r559     91.0*log10(p34)-1.0*log10(p31)   0.0   3.6901   sqrwt   regulhk1
r560     01.0*log10(p34)-1.0*log10(p32)   0.0   4.4930   sqrwt   regulhk1
r561     11.0*log10(p34)-1.0*log10(p33)   0.0   6.3319   sqrwt   regulhk1
r562     21.0*log10(p35)-1.0*log10(pobs1)   0.0   2.6161   sqrwt   regulhk1
r563     31.0*log10(p35)-1.0*log10(p2)   0.0   2.7287   sqrwt   regulhk1
r564     41.0*log10(p35)-1.0*log10(p3)   0.0   2.8218   sqrwt   regulhk1
r565     51.0*log10(p35)-1.0*log10(p4)   0.0   2.8891   sqrwt   regulhk1
r566     61.0*log10(p35)-1.0*log10(p5)   0.0   2.9140   sqrwt   regulhk1
r567     71.0*log10(p35)-1.0*log10(p6)   0.0   2.8891   sqrwt   regulhk1
r568     81.0*log10(p35)-1.0*log10(p7)   0.0   2.7635   sqrwt   regulhk1
r569     91.0*log10(p35)-1.0*log10(pobs2)   0.0   2.8036   sqrwt   regulhk1
r570     01.0*log10(p35)-1.0*log10(p9)   0.0   3.0624   sqrwt   regulhk1
r571     11.0*log10(p35)-1.0*log10(p10)   0.0   3.1779   sqrwt   regulhk1
r572     21.0*log10(p35)-1.0*log10(pobs4)   0.0   3.1023   sqrwt   regulhk1
r573     31.0*log10(p35)-1.0*log10(p12)   0.0   3.1779   sqrwt   regulhk1
r574     41.0*log10(p35)-1.0*log10(p13)   0.0   2.9140   sqrwt   regulhk1
r575     51.0*log10(p35)-1.0*log10(p14)   0.0   3.1366   sqrwt   regulhk1
r576     61.0*log10(p35)-1.0*log10(p15)   0.0   3.3820   sqrwt   regulhk1
r577     71.0*log10(p35)-1.0*log10(pobs3)   0.0   3.7011   sqrwt   regulhk1
r578     81.0*log10(p35)-1.0*log10(pobs5)   0.0   3.3555   sqrwt   regulhk1
r579     91.0*log10(p35)-1.0*log10(p18)   0.0   3.5985   sqrwt   regulhk1
r580     01.0*log10(p35)-1.0*log10(p19)   0.0   3.0624   sqrwt   regulhk1
r581     11.0*log10(p35)-1.0*log10(p20)   0.0   3.3820   sqrwt   regulhk1
r582     21.0*log10(p35)-1.0*log10(p21)   0.0   3.7959   sqrwt   regulhk1
r583     31.0*log10(p35)-1.0*log10(p22)   0.0   4.2542   sqrwt   regulhk1
r584     41.0*log10(p35)-1.0*log10(p23)   0.0   4.4930   sqrwt   regulhk1
r585     51.0*log10(p35)-1.0*log10(p24)   0.0   4.2542   sqrwt   regulhk1
r586     61.0*log10(p35)-1.0*log10(p25)   0.0   3.1779   sqrwt   regulhk1
r587     71.0*log10(p35)-1.0*log10(p26)   0.0   3.5985   sqrwt   regulhk1
r588     81.0*log10(p35)-1.0*log10(p27)   0.0   4.2542   sqrwt   regulhk1
r589     91.0*log10(p35)-1.0*log10(p28)   0.0   5.3306   sqrwt   regulhk1
r590     01.0*log10(p35)-1.0*log10(p29)   0.0   6.3319   sqrwt   regulhk1
r591     11.0*log10(p35)-1.0*log10(p30)   0.0   5.3306   sqrwt   regulhk1
r592     21.0*log10(p35)-1.0*log10(p31)   0.0   3.2225   sqrwt   regulhk1
r593     31.0*log10(p35)-1.0*log10(p32)   0.0   3.6901   sqrwt   regulhk1
r594     41.0*log10(p35)-1.0*log10(p33)   0.0   4.4930   sqrwt   regulhk1
r595     51.0*log10(p35)-1.0*log10(p34)   0.0   6.3319   sqrwt   regulhk1
r596     61.0*log10(p36)-1.0*log10(pobs1)   0.0   2.5272   sqrwt   regulhk1
r597     71.0*log10(p36)-1.0*log10(p2)   0.0   2.6272   sqrwt   regulhk1
r598     81.0*log10(p36)-1.0*log10(p3)   0.0   2.7287   sqrwt   regulhk1
r599     91.0*log10(p36)-1.0*log10(p4)   0.0   2.8218   sqrwt   regulhk1
r600     01.0*log10(p36)-1.0*log10(p5)   0.0   2.8891   sqrwt   regulhk1
r601     11.0*log10(p36)-1.0*log10(p6)   0.0   2.9140   sqrwt   regulhk1
r602     21.0*log10(p36)-1.0*log10(p7)   0.0   2.6272   sqrwt   regulhk1
r603     31.0*log10(p36)-1.0*log10(pobs2)   0.0   2.6737   sqrwt   regulhk1
r604     41.0*log10(p36)-1.0*log10(p9)   0.0   2.9140   sqrwt   regulhk1
r605     51.0*log10(p36)-1.0*log10(p10)   0.0   3.0624   sqrwt   regulhk1
r606     61.0*log10(p36)-1.0*log10(pobs4)   0.0   3.0436   sqrwt   regulhk1
r607     71.0*log10(p36)-1.0*log10(p12)   0.0   3.2225   sqrwt   regulhk1
r608     81.0*log10(p36)-1.0*log10(p13)   0.0   2.7287   sqrwt   regulhk1
r609     91.0*log10(p36)-1.0*log10(p14)   0.0   2.9140   sqrwt   regulhk1
r610     01.0*log10(p36)-1.0*log10(p15)   0.0   3.1366   sqrwt   regulhk1
r611     11.0*log10(p36)-1.0*log10(pobs3)   0.0   3.4098   sqrwt   regulhk1
r612     21.0*log10(p36)-1.0*log10(pobs5)   0.0   3.2998   sqrwt   regulhk1
r613     31.0*log10(p36)-1.0*log10(p18)   0.0   3.6901   sqrwt   regulhk1
r614     41.0*log10(p36)-1.0*log10(p19)   0.0   2.8218   sqrwt   regulhk1
r615     51.0*log10(p36)-1.0*log10(p20)   0.0   3.0624   sqrwt   regulhk1
r616     61.0*log10(p36)-1.0*log10(p21)   0.0   3.3820   sqrwt   regulhk1
r617     71.0*log10(p36)-1.0*log10(p22)   0.0   3.7959   sqrwt   regulhk1
r618     81.0*log10(p36)-1.0*log10(p23)   0.0   4.2542   sqrwt   regulhk1
r619     91.0*log10(p36)-1.0*log10(p24)   0.0   4.4930   sqrwt   regulhk1
r620     01.0*log10(p36)-1.0*log10(p25)   0.0   2.8891   sqrwt   regulhk1
r621     11.0*log10(p36)-1.0*log10(p26)   0.0   3.1779   sqrwt   regulhk1
r622     21.0*log10(p36)-1.0*log10(p27)   0.0   3.5985   sqrwt   regulhk1
r623     31.0*log10(p36)-1.0*log10(p28)   0.0   4.2542   sqrwt   regulhk1
r624     41.0*log10(p36)-1.0*log10(p29)   0.0   5.3306   sqrwt   regulhk1
r625     51.0*log10(p36)-1.0*log10(p30)   0.0   6.3319   sqrwt   regulhk1
r626     61.0*log10(p36)-1.0*log10(p31)   0.0   2.9140   sqrwt   regulhk1
r627     71.0*log10(p36)-1.0*log10(p32)   0.0   3.2225   sqrwt   regulhk1
r628     81.0*log10(p36)-1.0*log10(p33)   0.0   3.6901   sqrwt   regulhk1
r629     91.0*log10(p36)-1.0*log10(p34)   0.0   4.4930   sqrwt   regulhk1
r630     01.0*log10(p36)-1.0*log10(p35)   0.0   6.3319   sqrwt   regulhk1
END Linear_Prior_Information
